<!DOCTYPE html PUBLIC "-//W3C//DTD XHTML 1.1//EN" "https://www.w3.org/TR/xhtml11/DTD/xhtml11.dtd">
<html xmlns="https://www.w3.org/1999/xhtml">
<head>
<meta http-equiv="content-type" content="text/html; charset=UTF-8"/>
<title>TestNG Report</title>
<style type="text/css">table {margin-bottom:10px;border-collapse:collapse;empty-cells:show}th,td {border:1px solid #009;padding:.25em .5em}th {vertical-align:bottom}td {vertical-align:top}table a {font-weight:bold}.stripe td {background-color: #E6EBF9}.num {text-align:right}.passedodd td {background-color: #3F3}.passedeven td {background-color: #0A0}.skippedodd td {background-color: #DDD}.skippedeven td {background-color: #CCC}.failedodd td,.attn {background-color: #F33}.failedeven td,.stripe .attn {background-color: #D00}.stacktrace {white-space:pre;font-family:monospace}.totop {font-size:85%;text-align:center;border-bottom:2px solid #000}.invisible {display:none}</style>
</head>
<body>
<table>
<tr><th>Test</th><th># Passed</th><th># Skipped</th><th># Retried</th><th># Failed</th><th>Time (ms)</th><th>Included Groups</th><th>Excluded Groups</th></tr>
<tr><th colspan="8">Suite1</th></tr>
<tr><td><a href="#t0">Test1</a></td><td class="num">14</td><td class="num">0</td><td class="num">0</td><td class="num attn">5</td><td class="num">124,451</td><td></td><td></td></tr>
</table>
<table id='summary'><thead><tr><th>Class</th><th>Method</th><th>Start</th><th>Time (ms)</th></tr></thead><tbody><tr><th colspan="4">Suite1</th></tr></tbody><tbody id="t0"><tr><th colspan="4">Test1 &#8212; failed</th></tr><tr class="failedeven"><td rowspan="1">com.tb.qa.testcases.AppConfigurationAddPageTest</td><td><a href="#m0">Add_AppConfiguration_Page</a></td><td rowspan="1">1611731104240</td><td rowspan="1">22150</td></tr><tr class="failedodd"><td rowspan="3">com.tb.qa.testcases.AppConfigurationEditPageTest</td><td><a href="#m1">Edit_AppConfig_LongValue</a></td><td rowspan="1">1611731129797</td><td rowspan="1">144</td></tr><tr class="failedodd"><td><a href="#m2">Edit_AppConfig_TermName</a></td><td rowspan="1">1611731129944</td><td rowspan="1">83</td></tr><tr class="failedodd"><td><a href="#m3">Update_AppConfiguration</a></td><td rowspan="1">1611731130030</td><td rowspan="1">20032</td></tr><tr class="failedeven"><td rowspan="1">com.tb.qa.testcases.AppConfigurationListPageTest</td><td><a href="#m4">AppConfigurationDeleteReason</a></td><td rowspan="1">1611731162693</td><td rowspan="1">22158</td></tr><tr><th colspan="4">Test1 &#8212; passed</th></tr><tr class="passedeven"><td rowspan="4">com.tb.qa.testcases.AppConfigurationAddPageTest</td><td><a href="#m5">create_AppConfig_LongValue</a></td><td rowspan="1">1611731102116</td><td rowspan="1">2123</td></tr><tr class="passedeven"><td><a href="#m6">create_AppConfig_ShortValue</a></td><td rowspan="1">1611731100023</td><td rowspan="1">2091</td></tr><tr class="passedeven"><td><a href="#m7">create_AppConfig_TermCode</a></td><td rowspan="1">1611731097893</td><td rowspan="1">2128</td></tr><tr class="passedeven"><td><a href="#m8">create_AppConfig_TermName</a></td><td rowspan="1">1611731095542</td><td rowspan="1">2348</td></tr><tr class="passedodd"><td rowspan="1">com.tb.qa.testcases.AppConfigurationEditPageTest</td><td><a href="#m9">EditAppConfigurationPage</a></td><td rowspan="1">1611731126405</td><td rowspan="1">3390</td></tr><tr class="passedeven"><td rowspan="1">com.tb.qa.testcases.AppConfigurationListPageTest</td><td><a href="#m10">DeleteAppCongigurationPage</a></td><td rowspan="1">1611731150073</td><td rowspan="1">12616</td></tr><tr class="passedodd"><td rowspan="6">com.tb.qa.testcases.AppConfigurationPageTest</td><td><a href="#m11">CancelAppConfigCreatePage</a></td><td rowspan="1">1611731090061</td><td rowspan="1">4296</td></tr><tr class="passedodd"><td><a href="#m12">clear_AppConfig_CreateValues</a></td><td rowspan="1">1611731095421</td><td rowspan="1">106</td></tr><tr class="passedodd"><td><a href="#m13">create_AppConfig_LongValue</a></td><td rowspan="1">1611731095095</td><td rowspan="1">320</td></tr><tr class="passedodd"><td><a href="#m14">create_AppConfig_ShortValue</a></td><td rowspan="1">1611731094905</td><td rowspan="1">187</td></tr><tr class="passedodd"><td><a href="#m15">create_AppConfig_TermCode</a></td><td rowspan="1">1611731094794</td><td rowspan="1">105</td></tr><tr class="passedodd"><td><a href="#m16">create_AppConfig_TermName</a></td><td rowspan="1">1611731094363</td><td rowspan="1">428</td></tr><tr class="passedeven"><td rowspan="1">com.tb.qa.testcases.LoginPageTest</td><td><a href="#m17">loginTest</a></td><td rowspan="1">1611731068995</td><td rowspan="1">10431</td></tr><tr class="passedodd"><td rowspan="1">com.tb.qa.testcases.ProjectListPageTest</td><td><a href="#m18">listPageTest</a></td><td rowspan="1">1611731079440</td><td rowspan="1">10617</td></tr></tbody>
</table>
<h2>Test1</h2><h3 id="m0">com.tb.qa.testcases.AppConfigurationAddPageTest#Add_AppConfiguration_Page</h3><table class="result"><tr><th>Exception</th></tr><tr><td><div class="stacktrace">org.openqa.selenium.NoSuchElementException: no such element: Unable to locate element: {&quot;method&quot;:&quot;xpath&quot;,&quot;selector&quot;:&quot;/html/body/div[4]/div/div[2]/div/div[2]/div/div/div[2]/button&quot;}
  (Session info: chrome=87.0.4280.141)
For documentation on this error, please visit: https://www.seleniumhq.org/exceptions/no_such_element.html
Build info: version: &apos;3.141.59&apos;, revision: &apos;e82be7d358&apos;, time: &apos;2018-11-14T08:17:03&apos;
System info: host: &apos;AGATI-D015&apos;, ip: &apos;172.16.1.8&apos;, os.name: &apos;Windows 10&apos;, os.arch: &apos;amd64&apos;, os.version: &apos;10.0&apos;, java.version: &apos;1.8.0_111&apos;
Driver info: org.openqa.selenium.chrome.ChromeDriver
Capabilities {acceptInsecureCerts: false, browserName: chrome, browserVersion: 87.0.4280.141, chrome: {chromedriverVersion: 87.0.4280.88 (89e2380a3e36c..., userDataDir: C:\Users\MVARAT~1\AppData\L...}, goog:chromeOptions: {debuggerAddress: localhost:5173}, javascriptEnabled: true, networkConnectionEnabled: false, pageLoadStrategy: normal, platform: WINDOWS, platformName: WINDOWS, proxy: Proxy(), setWindowRect: true, strictFileInteractability: false, timeouts: {implicit: 0, pageLoad: 300000, script: 30000}, unhandledPromptBehavior: dismiss and notify, webauthn:virtualAuthenticators: true}
Session ID: 8c63f4cad56a0ec2d763331e5c18a0f8
*** Element info: {Using=xpath, value=/html/body/div[4]/div/div[2]/div/div[2]/div/div/div[2]/button}
	at org.openqa.selenium.remote.http.W3CHttpResponseCodec.createException(W3CHttpResponseCodec.java:187)
	at org.openqa.selenium.remote.http.W3CHttpResponseCodec.decode(W3CHttpResponseCodec.java:122)
	at org.openqa.selenium.remote.http.W3CHttpResponseCodec.decode(W3CHttpResponseCodec.java:49)
	at org.openqa.selenium.remote.HttpCommandExecutor.execute(HttpCommandExecutor.java:158)
	at org.openqa.selenium.remote.service.DriverCommandExecutor.execute(DriverCommandExecutor.java:83)
	at org.openqa.selenium.remote.RemoteWebDriver.execute(RemoteWebDriver.java:552)
	at org.openqa.selenium.remote.RemoteWebDriver.findElement(RemoteWebDriver.java:323)
	at org.openqa.selenium.remote.RemoteWebDriver.findElementByXPath(RemoteWebDriver.java:428)
	at org.openqa.selenium.By$ByXPath.findElement(By.java:353)
	at org.openqa.selenium.remote.RemoteWebDriver.findElement(RemoteWebDriver.java:315)
	at org.openqa.selenium.support.pagefactory.DefaultElementLocator.findElement(DefaultElementLocator.java:69)
	at org.openqa.selenium.support.pagefactory.internal.LocatingElementHandler.invoke(LocatingElementHandler.java:38)
	at com.sun.proxy.$Proxy9.click(Unknown Source)
	at com.tb.qa.pages.AppConfigurationAddPage.AddAppConfiguration(AppConfigurationAddPage.java:77)
	at com.tb.qa.testcases.AppConfigurationAddPageTest.Add_AppConfiguration_Page(AppConfigurationAddPageTest.java:44)
	at java.util.ArrayList.forEach(Unknown Source)
... Removed 31 stack frames</div></td></tr></table><p class="totop"><a href="#summary">back to summary</a></p>
<h3 id="m1">com.tb.qa.testcases.AppConfigurationEditPageTest#Edit_AppConfig_LongValue</h3><table class="result"><tr><th>Exception</th></tr><tr><td><div class="stacktrace">org.openqa.selenium.InvalidElementStateException: invalid element state: Element is not currently interactable and may not be manipulated
  (Session info: chrome=87.0.4280.141)
Build info: version: &apos;3.141.59&apos;, revision: &apos;e82be7d358&apos;, time: &apos;2018-11-14T08:17:03&apos;
System info: host: &apos;AGATI-D015&apos;, ip: &apos;172.16.1.8&apos;, os.name: &apos;Windows 10&apos;, os.arch: &apos;amd64&apos;, os.version: &apos;10.0&apos;, java.version: &apos;1.8.0_111&apos;
Driver info: org.openqa.selenium.chrome.ChromeDriver
Capabilities {acceptInsecureCerts: false, browserName: chrome, browserVersion: 87.0.4280.141, chrome: {chromedriverVersion: 87.0.4280.88 (89e2380a3e36c..., userDataDir: C:\Users\MVARAT~1\AppData\L...}, goog:chromeOptions: {debuggerAddress: localhost:5173}, javascriptEnabled: true, networkConnectionEnabled: false, pageLoadStrategy: normal, platform: WINDOWS, platformName: WINDOWS, proxy: Proxy(), setWindowRect: true, strictFileInteractability: false, timeouts: {implicit: 0, pageLoad: 300000, script: 30000}, unhandledPromptBehavior: dismiss and notify, webauthn:virtualAuthenticators: true}
Session ID: 8c63f4cad56a0ec2d763331e5c18a0f8
	at org.openqa.selenium.remote.http.W3CHttpResponseCodec.createException(W3CHttpResponseCodec.java:187)
	at org.openqa.selenium.remote.http.W3CHttpResponseCodec.decode(W3CHttpResponseCodec.java:122)
	at org.openqa.selenium.remote.http.W3CHttpResponseCodec.decode(W3CHttpResponseCodec.java:49)
	at org.openqa.selenium.remote.HttpCommandExecutor.execute(HttpCommandExecutor.java:158)
	at org.openqa.selenium.remote.service.DriverCommandExecutor.execute(DriverCommandExecutor.java:83)
	at org.openqa.selenium.remote.RemoteWebDriver.execute(RemoteWebDriver.java:552)
	at org.openqa.selenium.remote.RemoteWebElement.execute(RemoteWebElement.java:285)
	at org.openqa.selenium.remote.RemoteWebElement.clear(RemoteWebElement.java:124)
	at org.openqa.selenium.support.pagefactory.internal.LocatingElementHandler.invoke(LocatingElementHandler.java:51)
	at com.sun.proxy.$Proxy9.clear(Unknown Source)
	at com.tb.qa.pages.AppConfigurationEditPage.Edit_LongValue(AppConfigurationEditPage.java:64)
	at com.tb.qa.testcases.AppConfigurationEditPageTest.Edit_AppConfig_LongValue(AppConfigurationEditPageTest.java:29)
	at java.util.ArrayList.forEach(Unknown Source)
... Removed 35 stack frames</div></td></tr></table><p class="totop"><a href="#summary">back to summary</a></p>
<h3 id="m2">com.tb.qa.testcases.AppConfigurationEditPageTest#Edit_AppConfig_TermName</h3><table class="result"><tr><th>Exception</th></tr><tr><td><div class="stacktrace">org.openqa.selenium.InvalidElementStateException: invalid element state: Element is not currently interactable and may not be manipulated
  (Session info: chrome=87.0.4280.141)
Build info: version: &apos;3.141.59&apos;, revision: &apos;e82be7d358&apos;, time: &apos;2018-11-14T08:17:03&apos;
System info: host: &apos;AGATI-D015&apos;, ip: &apos;172.16.1.8&apos;, os.name: &apos;Windows 10&apos;, os.arch: &apos;amd64&apos;, os.version: &apos;10.0&apos;, java.version: &apos;1.8.0_111&apos;
Driver info: org.openqa.selenium.chrome.ChromeDriver
Capabilities {acceptInsecureCerts: false, browserName: chrome, browserVersion: 87.0.4280.141, chrome: {chromedriverVersion: 87.0.4280.88 (89e2380a3e36c..., userDataDir: C:\Users\MVARAT~1\AppData\L...}, goog:chromeOptions: {debuggerAddress: localhost:5173}, javascriptEnabled: true, networkConnectionEnabled: false, pageLoadStrategy: normal, platform: WINDOWS, platformName: WINDOWS, proxy: Proxy(), setWindowRect: true, strictFileInteractability: false, timeouts: {implicit: 0, pageLoad: 300000, script: 30000}, unhandledPromptBehavior: dismiss and notify, webauthn:virtualAuthenticators: true}
Session ID: 8c63f4cad56a0ec2d763331e5c18a0f8
	at org.openqa.selenium.remote.http.W3CHttpResponseCodec.createException(W3CHttpResponseCodec.java:187)
	at org.openqa.selenium.remote.http.W3CHttpResponseCodec.decode(W3CHttpResponseCodec.java:122)
	at org.openqa.selenium.remote.http.W3CHttpResponseCodec.decode(W3CHttpResponseCodec.java:49)
	at org.openqa.selenium.remote.HttpCommandExecutor.execute(HttpCommandExecutor.java:158)
	at org.openqa.selenium.remote.service.DriverCommandExecutor.execute(DriverCommandExecutor.java:83)
	at org.openqa.selenium.remote.RemoteWebDriver.execute(RemoteWebDriver.java:552)
	at org.openqa.selenium.remote.RemoteWebElement.execute(RemoteWebElement.java:285)
	at org.openqa.selenium.remote.RemoteWebElement.clear(RemoteWebElement.java:124)
	at org.openqa.selenium.support.pagefactory.internal.LocatingElementHandler.invoke(LocatingElementHandler.java:51)
	at com.sun.proxy.$Proxy9.clear(Unknown Source)
	at com.tb.qa.pages.AppConfigurationEditPage.Edit_TermName(AppConfigurationEditPage.java:57)
	at com.tb.qa.testcases.AppConfigurationEditPageTest.Edit_AppConfig_TermName(AppConfigurationEditPageTest.java:24)
	at java.util.ArrayList.forEach(Unknown Source)
... Removed 35 stack frames</div></td></tr></table><p class="totop"><a href="#summary">back to summary</a></p>
<h3 id="m3">com.tb.qa.testcases.AppConfigurationEditPageTest#Update_AppConfiguration</h3><table class="result"><tr><th>Exception</th></tr><tr><td><div class="stacktrace">org.openqa.selenium.NoSuchElementException: no such element: Unable to locate element: {&quot;method&quot;:&quot;xpath&quot;,&quot;selector&quot;:&quot;/html/body/div[3]/div/div[2]/div/div[2]/div[3]/button[1]&quot;}
  (Session info: chrome=87.0.4280.141)
For documentation on this error, please visit: https://www.seleniumhq.org/exceptions/no_such_element.html
Build info: version: &apos;3.141.59&apos;, revision: &apos;e82be7d358&apos;, time: &apos;2018-11-14T08:17:03&apos;
System info: host: &apos;AGATI-D015&apos;, ip: &apos;172.16.1.8&apos;, os.name: &apos;Windows 10&apos;, os.arch: &apos;amd64&apos;, os.version: &apos;10.0&apos;, java.version: &apos;1.8.0_111&apos;
Driver info: org.openqa.selenium.chrome.ChromeDriver
Capabilities {acceptInsecureCerts: false, browserName: chrome, browserVersion: 87.0.4280.141, chrome: {chromedriverVersion: 87.0.4280.88 (89e2380a3e36c..., userDataDir: C:\Users\MVARAT~1\AppData\L...}, goog:chromeOptions: {debuggerAddress: localhost:5173}, javascriptEnabled: true, networkConnectionEnabled: false, pageLoadStrategy: normal, platform: WINDOWS, platformName: WINDOWS, proxy: Proxy(), setWindowRect: true, strictFileInteractability: false, timeouts: {implicit: 0, pageLoad: 300000, script: 30000}, unhandledPromptBehavior: dismiss and notify, webauthn:virtualAuthenticators: true}
Session ID: 8c63f4cad56a0ec2d763331e5c18a0f8
*** Element info: {Using=xpath, value=/html/body/div[3]/div/div[2]/div/div[2]/div[3]/button[1]}
	at org.openqa.selenium.remote.http.W3CHttpResponseCodec.createException(W3CHttpResponseCodec.java:187)
	at org.openqa.selenium.remote.http.W3CHttpResponseCodec.decode(W3CHttpResponseCodec.java:122)
	at org.openqa.selenium.remote.http.W3CHttpResponseCodec.decode(W3CHttpResponseCodec.java:49)
	at org.openqa.selenium.remote.HttpCommandExecutor.execute(HttpCommandExecutor.java:158)
	at org.openqa.selenium.remote.service.DriverCommandExecutor.execute(DriverCommandExecutor.java:83)
	at org.openqa.selenium.remote.RemoteWebDriver.execute(RemoteWebDriver.java:552)
	at org.openqa.selenium.remote.RemoteWebDriver.findElement(RemoteWebDriver.java:323)
	at org.openqa.selenium.remote.RemoteWebDriver.findElementByXPath(RemoteWebDriver.java:428)
	at org.openqa.selenium.By$ByXPath.findElement(By.java:353)
	at org.openqa.selenium.remote.RemoteWebDriver.findElement(RemoteWebDriver.java:315)
	at org.openqa.selenium.support.pagefactory.DefaultElementLocator.findElement(DefaultElementLocator.java:69)
	at org.openqa.selenium.support.pagefactory.internal.LocatingElementHandler.invoke(LocatingElementHandler.java:38)
	at com.sun.proxy.$Proxy9.click(Unknown Source)
	at com.tb.qa.pages.AppConfigurationEditPage.UpdateAppConfiguration_Edit(AppConfigurationEditPage.java:83)
	at com.tb.qa.testcases.AppConfigurationEditPageTest.Update_AppConfiguration(AppConfigurationEditPageTest.java:34)
	at java.util.ArrayList.forEach(Unknown Source)
... Removed 31 stack frames</div></td></tr></table><p class="totop"><a href="#summary">back to summary</a></p>
<h3 id="m4">com.tb.qa.testcases.AppConfigurationListPageTest#AppConfigurationDeleteReason</h3><table class="result"><tr><th>Exception</th></tr><tr><td><div class="stacktrace">org.openqa.selenium.NoSuchElementException: no such element: Unable to locate element: {&quot;method&quot;:&quot;xpath&quot;,&quot;selector&quot;:&quot;/html/body/div[6]/div/div[2]/div/div[2]/div[3]/button[2]&quot;}
  (Session info: chrome=87.0.4280.141)
For documentation on this error, please visit: https://www.seleniumhq.org/exceptions/no_such_element.html
Build info: version: &apos;3.141.59&apos;, revision: &apos;e82be7d358&apos;, time: &apos;2018-11-14T08:17:03&apos;
System info: host: &apos;AGATI-D015&apos;, ip: &apos;172.16.1.8&apos;, os.name: &apos;Windows 10&apos;, os.arch: &apos;amd64&apos;, os.version: &apos;10.0&apos;, java.version: &apos;1.8.0_111&apos;
Driver info: org.openqa.selenium.chrome.ChromeDriver
Capabilities {acceptInsecureCerts: false, browserName: chrome, browserVersion: 87.0.4280.141, chrome: {chromedriverVersion: 87.0.4280.88 (89e2380a3e36c..., userDataDir: C:\Users\MVARAT~1\AppData\L...}, goog:chromeOptions: {debuggerAddress: localhost:5173}, javascriptEnabled: true, networkConnectionEnabled: false, pageLoadStrategy: normal, platform: WINDOWS, platformName: WINDOWS, proxy: Proxy(), setWindowRect: true, strictFileInteractability: false, timeouts: {implicit: 0, pageLoad: 300000, script: 30000}, unhandledPromptBehavior: dismiss and notify, webauthn:virtualAuthenticators: true}
Session ID: 8c63f4cad56a0ec2d763331e5c18a0f8
*** Element info: {Using=xpath, value=/html/body/div[6]/div/div[2]/div/div[2]/div[3]/button[2]}
	at org.openqa.selenium.remote.http.W3CHttpResponseCodec.createException(W3CHttpResponseCodec.java:187)
	at org.openqa.selenium.remote.http.W3CHttpResponseCodec.decode(W3CHttpResponseCodec.java:122)
	at org.openqa.selenium.remote.http.W3CHttpResponseCodec.decode(W3CHttpResponseCodec.java:49)
	at org.openqa.selenium.remote.HttpCommandExecutor.execute(HttpCommandExecutor.java:158)
	at org.openqa.selenium.remote.service.DriverCommandExecutor.execute(DriverCommandExecutor.java:83)
	at org.openqa.selenium.remote.RemoteWebDriver.execute(RemoteWebDriver.java:552)
	at org.openqa.selenium.remote.RemoteWebDriver.findElement(RemoteWebDriver.java:323)
	at org.openqa.selenium.remote.RemoteWebDriver.findElementByXPath(RemoteWebDriver.java:428)
	at org.openqa.selenium.By$ByXPath.findElement(By.java:353)
	at org.openqa.selenium.remote.RemoteWebDriver.findElement(RemoteWebDriver.java:315)
	at org.openqa.selenium.support.pagefactory.DefaultElementLocator.findElement(DefaultElementLocator.java:69)
	at org.openqa.selenium.support.pagefactory.internal.LocatingElementHandler.invoke(LocatingElementHandler.java:38)
	at com.sun.proxy.$Proxy9.click(Unknown Source)
	at com.tb.qa.pages.AppConfigurationListPage.DeleteReason_AppConfiguration(AppConfigurationListPage.java:40)
	at com.tb.qa.testcases.AppConfigurationListPageTest.AppConfigurationDeleteReason(AppConfigurationListPageTest.java:24)
	at java.util.ArrayList.forEach(Unknown Source)
... Removed 31 stack frames</div></td></tr></table><p class="totop"><a href="#summary">back to summary</a></p>
<h3 id="m5">com.tb.qa.testcases.AppConfigurationAddPageTest#create_AppConfig_LongValue</h3><table class="result"><tr><th class="invisible"/></tr></table><p class="totop"><a href="#summary">back to summary</a></p>
<h3 id="m6">com.tb.qa.testcases.AppConfigurationAddPageTest#create_AppConfig_ShortValue</h3><table class="result"><tr><th class="invisible"/></tr></table><p class="totop"><a href="#summary">back to summary</a></p>
<h3 id="m7">com.tb.qa.testcases.AppConfigurationAddPageTest#create_AppConfig_TermCode</h3><table class="result"><tr><th class="invisible"/></tr></table><p class="totop"><a href="#summary">back to summary</a></p>
<h3 id="m8">com.tb.qa.testcases.AppConfigurationAddPageTest#create_AppConfig_TermName</h3><table class="result"><tr><th class="invisible"/></tr></table><p class="totop"><a href="#summary">back to summary</a></p>
<h3 id="m9">com.tb.qa.testcases.AppConfigurationEditPageTest#EditAppConfigurationPage</h3><table class="result"><tr><th class="invisible"/></tr></table><p class="totop"><a href="#summary">back to summary</a></p>
<h3 id="m10">com.tb.qa.testcases.AppConfigurationListPageTest#DeleteAppCongigurationPage</h3><table class="result"><tr><th class="invisible"/></tr></table><p class="totop"><a href="#summary">back to summary</a></p>
<h3 id="m11">com.tb.qa.testcases.AppConfigurationPageTest#CancelAppConfigCreatePage</h3><table class="result"><tr><th class="invisible"/></tr></table><p class="totop"><a href="#summary">back to summary</a></p>
<h3 id="m12">com.tb.qa.testcases.AppConfigurationPageTest#clear_AppConfig_CreateValues</h3><table class="result"><tr><th class="invisible"/></tr></table><p class="totop"><a href="#summary">back to summary</a></p>
<h3 id="m13">com.tb.qa.testcases.AppConfigurationPageTest#create_AppConfig_LongValue</h3><table class="result"><tr><th class="invisible"/></tr></table><p class="totop"><a href="#summary">back to summary</a></p>
<h3 id="m14">com.tb.qa.testcases.AppConfigurationPageTest#create_AppConfig_ShortValue</h3><table class="result"><tr><th class="invisible"/></tr></table><p class="totop"><a href="#summary">back to summary</a></p>
<h3 id="m15">com.tb.qa.testcases.AppConfigurationPageTest#create_AppConfig_TermCode</h3><table class="result"><tr><th class="invisible"/></tr></table><p class="totop"><a href="#summary">back to summary</a></p>
<h3 id="m16">com.tb.qa.testcases.AppConfigurationPageTest#create_AppConfig_TermName</h3><table class="result"><tr><th class="invisible"/></tr></table><p class="totop"><a href="#summary">back to summary</a></p>
<h3 id="m17">com.tb.qa.testcases.LoginPageTest#loginTest</h3><table class="result"><tr><th class="invisible"/></tr></table><p class="totop"><a href="#summary">back to summary</a></p>
<h3 id="m18">com.tb.qa.testcases.ProjectListPageTest#listPageTest</h3><table class="result"><tr><th class="invisible"/></tr></table><p class="totop"><a href="#summary">back to summary</a></p>
</body>
</html>
