<!DOCTYPE html>

<html>
  <head>
  <meta charset='utf-8'>
  <title>TestNG reports</title>

    <link type="text/css" href="testng-reports1.css" rel="stylesheet" id="ultra" />
    <link type="text/css" href="testng-reports.css" rel="stylesheet" id="retro" disabled="false"/>
    <script type="text/javascript" src="jquery-3.4.1.min.js"></script>
    <script type="text/javascript" src="testng-reports.js"></script>
    <script type="text/javascript" src="https://www.google.com/jsapi"></script>
    <script type='text/javascript'>
      google.load('visualization', '1', {packages:['table']});
      google.setOnLoadCallback(drawTable);
      var suiteTableInitFunctions = new Array();
      var suiteTableData = new Array();
    </script>
    <!--
      <script type="text/javascript" src="jquery-ui/js/jquery-ui-1.8.16.custom.min.js"></script>
     -->
  </head>

  <body>
    <div class="top-banner-root">
      <span class="top-banner-title-font">Test results</span>
      <button class="button" id="button">Switch Retro Theme</button> <!-- button -->
      <br/>
      <span class="top-banner-font-1">1 suite, 5 failed tests</span>
    </div> <!-- top-banner-root -->
    <div class="navigator-root">
      <div class="navigator-suite-header">
        <span>All suites</span>
        <a href="#" class="collapse-all-link" title="Collapse/expand all the suites">
          <img class="collapse-all-icon" src="collapseall.gif">
          </img> <!-- collapse-all-icon -->
        </a> <!-- collapse-all-link -->
      </div> <!-- navigator-suite-header -->
      <div class="suite">
        <div class="rounded-window">
          <div class="suite-header light-rounded-window-top">
            <a href="#" class="navigator-link" panel-name="suite-Suite1">
              <span class="suite-name border-failed">Suite1</span>
            </a> <!-- navigator-link -->
          </div> <!-- suite-header light-rounded-window-top -->
          <div class="navigator-suite-content">
            <div class="suite-section-title">
              <span>Info</span>
            </div> <!-- suite-section-title -->
            <div class="suite-section-content">
              <ul>
                <li>
                  <a href="#" class="navigator-link " panel-name="test-xml-Suite1">
                    <span>C:\Users\mvaratharaj\git\TBUIAuto2\testng.xml</span>
                  </a> <!-- navigator-link  -->
                </li>
                <li>
                  <a href="#" class="navigator-link " panel-name="testlist-Suite1">
                    <span class="test-stats">1 test</span>
                  </a> <!-- navigator-link  -->
                </li>
                <li>
                  <a href="#" class="navigator-link " panel-name="group-Suite1">
                    <span>0 groups</span>
                  </a> <!-- navigator-link  -->
                </li>
                <li>
                  <a href="#" class="navigator-link " panel-name="times-Suite1">
                    <span>Times</span>
                  </a> <!-- navigator-link  -->
                </li>
                <li>
                  <a href="#" class="navigator-link " panel-name="reporter-Suite1">
                    <span>Reporter output</span>
                  </a> <!-- navigator-link  -->
                </li>
                <li>
                  <a href="#" class="navigator-link " panel-name="ignored-methods-Suite1">
                    <span>Ignored methods</span>
                  </a> <!-- navigator-link  -->
                </li>
                <li>
                  <a href="#" class="navigator-link " panel-name="chronological-Suite1">
                    <span>Chronological view</span>
                  </a> <!-- navigator-link  -->
                </li>
              </ul>
            </div> <!-- suite-section-content -->
            <div class="result-section">
              <div class="suite-section-title">
                <span>Results</span>
              </div> <!-- suite-section-title -->
              <div class="suite-section-content">
                <ul>
                  <li>
                    <span class="method-stats">19 methods, 5 failed,   14 passed</span>
                  </li>
                  <li>
                    <span class="method-list-title failed">Failed methods</span>
                    <span class="show-or-hide-methods failed">
                      <a href="#" panel-name="suite-Suite1" class="hide-methods failed suite-Suite1"> (hide)</a> <!-- hide-methods failed suite-Suite1 -->
                      <a href="#" panel-name="suite-Suite1" class="show-methods failed suite-Suite1"> (show)</a> <!-- show-methods failed suite-Suite1 -->
                    </span>
                    <div class="method-list-content failed suite-Suite1">
                      <span>
                        <img width="3%" src="failed.png"/>
                        <a href="#" class="method navigator-link" panel-name="suite-Suite1" title="com.tb.qa.testcases.AppConfigurationAddPageTest" hash-for-method="Add_AppConfiguration_Page">Add_AppConfiguration_Page</a> <!-- method navigator-link -->
                      </span>
                      <br/>
                      <span>
                        <img width="3%" src="failed.png"/>
                        <a href="#" class="method navigator-link" panel-name="suite-Suite1" title="com.tb.qa.testcases.AppConfigurationListPageTest" hash-for-method="AppConfigurationDeleteReason">AppConfigurationDeleteReason</a> <!-- method navigator-link -->
                      </span>
                      <br/>
                      <span>
                        <img width="3%" src="failed.png"/>
                        <a href="#" class="method navigator-link" panel-name="suite-Suite1" title="com.tb.qa.testcases.AppConfigurationEditPageTest" hash-for-method="Edit_AppConfig_LongValue">Edit_AppConfig_LongValue</a> <!-- method navigator-link -->
                      </span>
                      <br/>
                      <span>
                        <img width="3%" src="failed.png"/>
                        <a href="#" class="method navigator-link" panel-name="suite-Suite1" title="com.tb.qa.testcases.AppConfigurationEditPageTest" hash-for-method="Edit_AppConfig_TermName">Edit_AppConfig_TermName</a> <!-- method navigator-link -->
                      </span>
                      <br/>
                      <span>
                        <img width="3%" src="failed.png"/>
                        <a href="#" class="method navigator-link" panel-name="suite-Suite1" title="com.tb.qa.testcases.AppConfigurationEditPageTest" hash-for-method="Update_AppConfiguration">Update_AppConfiguration</a> <!-- method navigator-link -->
                      </span>
                      <br/>
                    </div> <!-- method-list-content failed suite-Suite1 -->
                  </li>
                  <li>
                    <span class="method-list-title passed">Passed methods</span>
                    <span class="show-or-hide-methods passed">
                      <a href="#" panel-name="suite-Suite1" class="hide-methods passed suite-Suite1"> (hide)</a> <!-- hide-methods passed suite-Suite1 -->
                      <a href="#" panel-name="suite-Suite1" class="show-methods passed suite-Suite1"> (show)</a> <!-- show-methods passed suite-Suite1 -->
                    </span>
                    <div class="method-list-content passed suite-Suite1">
                      <span>
                        <img width="3%" src="passed.png"/>
                        <a href="#" class="method navigator-link" panel-name="suite-Suite1" title="com.tb.qa.testcases.AppConfigurationPageTest" hash-for-method="CancelAppConfigCreatePage">CancelAppConfigCreatePage</a> <!-- method navigator-link -->
                      </span>
                      <br/>
                      <span>
                        <img width="3%" src="passed.png"/>
                        <a href="#" class="method navigator-link" panel-name="suite-Suite1" title="com.tb.qa.testcases.AppConfigurationListPageTest" hash-for-method="DeleteAppCongigurationPage">DeleteAppCongigurationPage</a> <!-- method navigator-link -->
                      </span>
                      <br/>
                      <span>
                        <img width="3%" src="passed.png"/>
                        <a href="#" class="method navigator-link" panel-name="suite-Suite1" title="com.tb.qa.testcases.AppConfigurationEditPageTest" hash-for-method="EditAppConfigurationPage">EditAppConfigurationPage</a> <!-- method navigator-link -->
                      </span>
                      <br/>
                      <span>
                        <img width="3%" src="passed.png"/>
                        <a href="#" class="method navigator-link" panel-name="suite-Suite1" title="com.tb.qa.testcases.AppConfigurationPageTest" hash-for-method="clear_AppConfig_CreateValues">clear_AppConfig_CreateValues</a> <!-- method navigator-link -->
                      </span>
                      <br/>
                      <span>
                        <img width="3%" src="passed.png"/>
                        <a href="#" class="method navigator-link" panel-name="suite-Suite1" title="com.tb.qa.testcases.AppConfigurationAddPageTest" hash-for-method="create_AppConfig_LongValue">create_AppConfig_LongValue</a> <!-- method navigator-link -->
                      </span>
                      <br/>
                      <span>
                        <img width="3%" src="passed.png"/>
                        <a href="#" class="method navigator-link" panel-name="suite-Suite1" title="com.tb.qa.testcases.AppConfigurationPageTest" hash-for-method="create_AppConfig_LongValue">create_AppConfig_LongValue</a> <!-- method navigator-link -->
                      </span>
                      <br/>
                      <span>
                        <img width="3%" src="passed.png"/>
                        <a href="#" class="method navigator-link" panel-name="suite-Suite1" title="com.tb.qa.testcases.AppConfigurationPageTest" hash-for-method="create_AppConfig_ShortValue">create_AppConfig_ShortValue</a> <!-- method navigator-link -->
                      </span>
                      <br/>
                      <span>
                        <img width="3%" src="passed.png"/>
                        <a href="#" class="method navigator-link" panel-name="suite-Suite1" title="com.tb.qa.testcases.AppConfigurationAddPageTest" hash-for-method="create_AppConfig_ShortValue">create_AppConfig_ShortValue</a> <!-- method navigator-link -->
                      </span>
                      <br/>
                      <span>
                        <img width="3%" src="passed.png"/>
                        <a href="#" class="method navigator-link" panel-name="suite-Suite1" title="com.tb.qa.testcases.AppConfigurationPageTest" hash-for-method="create_AppConfig_TermCode">create_AppConfig_TermCode</a> <!-- method navigator-link -->
                      </span>
                      <br/>
                      <span>
                        <img width="3%" src="passed.png"/>
                        <a href="#" class="method navigator-link" panel-name="suite-Suite1" title="com.tb.qa.testcases.AppConfigurationAddPageTest" hash-for-method="create_AppConfig_TermCode">create_AppConfig_TermCode</a> <!-- method navigator-link -->
                      </span>
                      <br/>
                      <span>
                        <img width="3%" src="passed.png"/>
                        <a href="#" class="method navigator-link" panel-name="suite-Suite1" title="com.tb.qa.testcases.AppConfigurationPageTest" hash-for-method="create_AppConfig_TermName">create_AppConfig_TermName</a> <!-- method navigator-link -->
                      </span>
                      <br/>
                      <span>
                        <img width="3%" src="passed.png"/>
                        <a href="#" class="method navigator-link" panel-name="suite-Suite1" title="com.tb.qa.testcases.AppConfigurationAddPageTest" hash-for-method="create_AppConfig_TermName">create_AppConfig_TermName</a> <!-- method navigator-link -->
                      </span>
                      <br/>
                      <span>
                        <img width="3%" src="passed.png"/>
                        <a href="#" class="method navigator-link" panel-name="suite-Suite1" title="com.tb.qa.testcases.ProjectListPageTest" hash-for-method="listPageTest">listPageTest</a> <!-- method navigator-link -->
                      </span>
                      <br/>
                      <span>
                        <img width="3%" src="passed.png"/>
                        <a href="#" class="method navigator-link" panel-name="suite-Suite1" title="com.tb.qa.testcases.LoginPageTest" hash-for-method="loginTest">loginTest</a> <!-- method navigator-link -->
                      </span>
                      <br/>
                    </div> <!-- method-list-content passed suite-Suite1 -->
                  </li>
                </ul>
              </div> <!-- suite-section-content -->
            </div> <!-- result-section -->
          </div> <!-- navigator-suite-content -->
        </div> <!-- rounded-window -->
      </div> <!-- suite -->
    </div> <!-- navigator-root -->
    <div class="wrapper">
      <div class="main-panel-root">
        <div panel-name="suite-Suite1" class="panel Suite1">
          <div class="suite-Suite1-class-failed">
            <div class="main-panel-header rounded-window-top">
              <img src="failed.png"/>
              <span class="class-name">com.tb.qa.testcases.AppConfigurationListPageTest</span>
            </div> <!-- main-panel-header rounded-window-top -->
            <div class="main-panel-content rounded-window-bottom">
              <div class="method">
                <div class="method-content">
                  <a name="AppConfigurationDeleteReason">
                  </a> <!-- AppConfigurationDeleteReason -->
                  <span class="method-name">AppConfigurationDeleteReason</span>
                  <div class="stack-trace">org.openqa.selenium.NoSuchElementException: no such element: Unable to locate element: {&quot;method&quot;:&quot;xpath&quot;,&quot;selector&quot;:&quot;/html/body/div[6]/div/div[2]/div/div[2]/div[3]/button[2]&quot;}
  (Session info: chrome=87.0.4280.141)
For documentation on this error, please visit: https://www.seleniumhq.org/exceptions/no_such_element.html
Build info: version: &apos;3.141.59&apos;, revision: &apos;e82be7d358&apos;, time: &apos;2018-11-14T08:17:03&apos;
System info: host: &apos;AGATI-D015&apos;, ip: &apos;172.16.1.8&apos;, os.name: &apos;Windows 10&apos;, os.arch: &apos;amd64&apos;, os.version: &apos;10.0&apos;, java.version: &apos;1.8.0_111&apos;
Driver info: org.openqa.selenium.chrome.ChromeDriver
Capabilities {acceptInsecureCerts: false, browserName: chrome, browserVersion: 87.0.4280.141, chrome: {chromedriverVersion: 87.0.4280.88 (89e2380a3e36c..., userDataDir: C:\Users\MVARAT~1\AppData\L...}, goog:chromeOptions: {debuggerAddress: localhost:5173}, javascriptEnabled: true, networkConnectionEnabled: false, pageLoadStrategy: normal, platform: WINDOWS, platformName: WINDOWS, proxy: Proxy(), setWindowRect: true, strictFileInteractability: false, timeouts: {implicit: 0, pageLoad: 300000, script: 30000}, unhandledPromptBehavior: dismiss and notify, webauthn:virtualAuthenticators: true}
Session ID: 8c63f4cad56a0ec2d763331e5c18a0f8
*** Element info: {Using=xpath, value=/html/body/div[6]/div/div[2]/div/div[2]/div[3]/button[2]}
	at org.openqa.selenium.remote.http.W3CHttpResponseCodec.createException(W3CHttpResponseCodec.java:187)
	at org.openqa.selenium.remote.http.W3CHttpResponseCodec.decode(W3CHttpResponseCodec.java:122)
	at org.openqa.selenium.remote.http.W3CHttpResponseCodec.decode(W3CHttpResponseCodec.java:49)
	at org.openqa.selenium.remote.HttpCommandExecutor.execute(HttpCommandExecutor.java:158)
	at org.openqa.selenium.remote.service.DriverCommandExecutor.execute(DriverCommandExecutor.java:83)
	at org.openqa.selenium.remote.RemoteWebDriver.execute(RemoteWebDriver.java:552)
	at org.openqa.selenium.remote.RemoteWebDriver.findElement(RemoteWebDriver.java:323)
	at org.openqa.selenium.remote.RemoteWebDriver.findElementByXPath(RemoteWebDriver.java:428)
	at org.openqa.selenium.By$ByXPath.findElement(By.java:353)
	at org.openqa.selenium.remote.RemoteWebDriver.findElement(RemoteWebDriver.java:315)
	at org.openqa.selenium.support.pagefactory.DefaultElementLocator.findElement(DefaultElementLocator.java:69)
	at org.openqa.selenium.support.pagefactory.internal.LocatingElementHandler.invoke(LocatingElementHandler.java:38)
	at com.sun.proxy.$Proxy9.click(Unknown Source)
	at com.tb.qa.pages.AppConfigurationListPage.DeleteReason_AppConfiguration(AppConfigurationListPage.java:40)
	at com.tb.qa.testcases.AppConfigurationListPageTest.AppConfigurationDeleteReason(AppConfigurationListPageTest.java:24)
	at java.util.ArrayList.forEach(Unknown Source)
... Removed 31 stack frames
</div> <!-- stack-trace -->
                </div> <!-- method-content -->
              </div> <!-- method -->
            </div> <!-- main-panel-content rounded-window-bottom -->
          </div> <!-- suite-Suite1-class-failed -->
          <div class="suite-Suite1-class-failed">
            <div class="main-panel-header rounded-window-top">
              <img src="failed.png"/>
              <span class="class-name">com.tb.qa.testcases.AppConfigurationEditPageTest</span>
            </div> <!-- main-panel-header rounded-window-top -->
            <div class="main-panel-content rounded-window-bottom">
              <div class="method">
                <div class="method-content">
                  <a name="Edit_AppConfig_LongValue">
                  </a> <!-- Edit_AppConfig_LongValue -->
                  <span class="method-name">Edit_AppConfig_LongValue</span>
                  <div class="stack-trace">org.openqa.selenium.InvalidElementStateException: invalid element state: Element is not currently interactable and may not be manipulated
  (Session info: chrome=87.0.4280.141)
Build info: version: &apos;3.141.59&apos;, revision: &apos;e82be7d358&apos;, time: &apos;2018-11-14T08:17:03&apos;
System info: host: &apos;AGATI-D015&apos;, ip: &apos;172.16.1.8&apos;, os.name: &apos;Windows 10&apos;, os.arch: &apos;amd64&apos;, os.version: &apos;10.0&apos;, java.version: &apos;1.8.0_111&apos;
Driver info: org.openqa.selenium.chrome.ChromeDriver
Capabilities {acceptInsecureCerts: false, browserName: chrome, browserVersion: 87.0.4280.141, chrome: {chromedriverVersion: 87.0.4280.88 (89e2380a3e36c..., userDataDir: C:\Users\MVARAT~1\AppData\L...}, goog:chromeOptions: {debuggerAddress: localhost:5173}, javascriptEnabled: true, networkConnectionEnabled: false, pageLoadStrategy: normal, platform: WINDOWS, platformName: WINDOWS, proxy: Proxy(), setWindowRect: true, strictFileInteractability: false, timeouts: {implicit: 0, pageLoad: 300000, script: 30000}, unhandledPromptBehavior: dismiss and notify, webauthn:virtualAuthenticators: true}
Session ID: 8c63f4cad56a0ec2d763331e5c18a0f8
	at org.openqa.selenium.remote.http.W3CHttpResponseCodec.createException(W3CHttpResponseCodec.java:187)
	at org.openqa.selenium.remote.http.W3CHttpResponseCodec.decode(W3CHttpResponseCodec.java:122)
	at org.openqa.selenium.remote.http.W3CHttpResponseCodec.decode(W3CHttpResponseCodec.java:49)
	at org.openqa.selenium.remote.HttpCommandExecutor.execute(HttpCommandExecutor.java:158)
	at org.openqa.selenium.remote.service.DriverCommandExecutor.execute(DriverCommandExecutor.java:83)
	at org.openqa.selenium.remote.RemoteWebDriver.execute(RemoteWebDriver.java:552)
	at org.openqa.selenium.remote.RemoteWebElement.execute(RemoteWebElement.java:285)
	at org.openqa.selenium.remote.RemoteWebElement.clear(RemoteWebElement.java:124)
	at org.openqa.selenium.support.pagefactory.internal.LocatingElementHandler.invoke(LocatingElementHandler.java:51)
	at com.sun.proxy.$Proxy9.clear(Unknown Source)
	at com.tb.qa.pages.AppConfigurationEditPage.Edit_LongValue(AppConfigurationEditPage.java:64)
	at com.tb.qa.testcases.AppConfigurationEditPageTest.Edit_AppConfig_LongValue(AppConfigurationEditPageTest.java:29)
	at java.util.ArrayList.forEach(Unknown Source)
... Removed 35 stack frames
</div> <!-- stack-trace -->
                </div> <!-- method-content -->
              </div> <!-- method -->
              <div class="method">
                <div class="method-content">
                  <a name="Edit_AppConfig_TermName">
                  </a> <!-- Edit_AppConfig_TermName -->
                  <span class="method-name">Edit_AppConfig_TermName</span>
                  <div class="stack-trace">org.openqa.selenium.InvalidElementStateException: invalid element state: Element is not currently interactable and may not be manipulated
  (Session info: chrome=87.0.4280.141)
Build info: version: &apos;3.141.59&apos;, revision: &apos;e82be7d358&apos;, time: &apos;2018-11-14T08:17:03&apos;
System info: host: &apos;AGATI-D015&apos;, ip: &apos;172.16.1.8&apos;, os.name: &apos;Windows 10&apos;, os.arch: &apos;amd64&apos;, os.version: &apos;10.0&apos;, java.version: &apos;1.8.0_111&apos;
Driver info: org.openqa.selenium.chrome.ChromeDriver
Capabilities {acceptInsecureCerts: false, browserName: chrome, browserVersion: 87.0.4280.141, chrome: {chromedriverVersion: 87.0.4280.88 (89e2380a3e36c..., userDataDir: C:\Users\MVARAT~1\AppData\L...}, goog:chromeOptions: {debuggerAddress: localhost:5173}, javascriptEnabled: true, networkConnectionEnabled: false, pageLoadStrategy: normal, platform: WINDOWS, platformName: WINDOWS, proxy: Proxy(), setWindowRect: true, strictFileInteractability: false, timeouts: {implicit: 0, pageLoad: 300000, script: 30000}, unhandledPromptBehavior: dismiss and notify, webauthn:virtualAuthenticators: true}
Session ID: 8c63f4cad56a0ec2d763331e5c18a0f8
	at org.openqa.selenium.remote.http.W3CHttpResponseCodec.createException(W3CHttpResponseCodec.java:187)
	at org.openqa.selenium.remote.http.W3CHttpResponseCodec.decode(W3CHttpResponseCodec.java:122)
	at org.openqa.selenium.remote.http.W3CHttpResponseCodec.decode(W3CHttpResponseCodec.java:49)
	at org.openqa.selenium.remote.HttpCommandExecutor.execute(HttpCommandExecutor.java:158)
	at org.openqa.selenium.remote.service.DriverCommandExecutor.execute(DriverCommandExecutor.java:83)
	at org.openqa.selenium.remote.RemoteWebDriver.execute(RemoteWebDriver.java:552)
	at org.openqa.selenium.remote.RemoteWebElement.execute(RemoteWebElement.java:285)
	at org.openqa.selenium.remote.RemoteWebElement.clear(RemoteWebElement.java:124)
	at org.openqa.selenium.support.pagefactory.internal.LocatingElementHandler.invoke(LocatingElementHandler.java:51)
	at com.sun.proxy.$Proxy9.clear(Unknown Source)
	at com.tb.qa.pages.AppConfigurationEditPage.Edit_TermName(AppConfigurationEditPage.java:57)
	at com.tb.qa.testcases.AppConfigurationEditPageTest.Edit_AppConfig_TermName(AppConfigurationEditPageTest.java:24)
	at java.util.ArrayList.forEach(Unknown Source)
... Removed 35 stack frames
</div> <!-- stack-trace -->
                </div> <!-- method-content -->
              </div> <!-- method -->
              <div class="method">
                <div class="method-content">
                  <a name="Update_AppConfiguration">
                  </a> <!-- Update_AppConfiguration -->
                  <span class="method-name">Update_AppConfiguration</span>
                  <div class="stack-trace">org.openqa.selenium.NoSuchElementException: no such element: Unable to locate element: {&quot;method&quot;:&quot;xpath&quot;,&quot;selector&quot;:&quot;/html/body/div[3]/div/div[2]/div/div[2]/div[3]/button[1]&quot;}
  (Session info: chrome=87.0.4280.141)
For documentation on this error, please visit: https://www.seleniumhq.org/exceptions/no_such_element.html
Build info: version: &apos;3.141.59&apos;, revision: &apos;e82be7d358&apos;, time: &apos;2018-11-14T08:17:03&apos;
System info: host: &apos;AGATI-D015&apos;, ip: &apos;172.16.1.8&apos;, os.name: &apos;Windows 10&apos;, os.arch: &apos;amd64&apos;, os.version: &apos;10.0&apos;, java.version: &apos;1.8.0_111&apos;
Driver info: org.openqa.selenium.chrome.ChromeDriver
Capabilities {acceptInsecureCerts: false, browserName: chrome, browserVersion: 87.0.4280.141, chrome: {chromedriverVersion: 87.0.4280.88 (89e2380a3e36c..., userDataDir: C:\Users\MVARAT~1\AppData\L...}, goog:chromeOptions: {debuggerAddress: localhost:5173}, javascriptEnabled: true, networkConnectionEnabled: false, pageLoadStrategy: normal, platform: WINDOWS, platformName: WINDOWS, proxy: Proxy(), setWindowRect: true, strictFileInteractability: false, timeouts: {implicit: 0, pageLoad: 300000, script: 30000}, unhandledPromptBehavior: dismiss and notify, webauthn:virtualAuthenticators: true}
Session ID: 8c63f4cad56a0ec2d763331e5c18a0f8
*** Element info: {Using=xpath, value=/html/body/div[3]/div/div[2]/div/div[2]/div[3]/button[1]}
	at org.openqa.selenium.remote.http.W3CHttpResponseCodec.createException(W3CHttpResponseCodec.java:187)
	at org.openqa.selenium.remote.http.W3CHttpResponseCodec.decode(W3CHttpResponseCodec.java:122)
	at org.openqa.selenium.remote.http.W3CHttpResponseCodec.decode(W3CHttpResponseCodec.java:49)
	at org.openqa.selenium.remote.HttpCommandExecutor.execute(HttpCommandExecutor.java:158)
	at org.openqa.selenium.remote.service.DriverCommandExecutor.execute(DriverCommandExecutor.java:83)
	at org.openqa.selenium.remote.RemoteWebDriver.execute(RemoteWebDriver.java:552)
	at org.openqa.selenium.remote.RemoteWebDriver.findElement(RemoteWebDriver.java:323)
	at org.openqa.selenium.remote.RemoteWebDriver.findElementByXPath(RemoteWebDriver.java:428)
	at org.openqa.selenium.By$ByXPath.findElement(By.java:353)
	at org.openqa.selenium.remote.RemoteWebDriver.findElement(RemoteWebDriver.java:315)
	at org.openqa.selenium.support.pagefactory.DefaultElementLocator.findElement(DefaultElementLocator.java:69)
	at org.openqa.selenium.support.pagefactory.internal.LocatingElementHandler.invoke(LocatingElementHandler.java:38)
	at com.sun.proxy.$Proxy9.click(Unknown Source)
	at com.tb.qa.pages.AppConfigurationEditPage.UpdateAppConfiguration_Edit(AppConfigurationEditPage.java:83)
	at com.tb.qa.testcases.AppConfigurationEditPageTest.Update_AppConfiguration(AppConfigurationEditPageTest.java:34)
	at java.util.ArrayList.forEach(Unknown Source)
... Removed 31 stack frames
</div> <!-- stack-trace -->
                </div> <!-- method-content -->
              </div> <!-- method -->
            </div> <!-- main-panel-content rounded-window-bottom -->
          </div> <!-- suite-Suite1-class-failed -->
          <div class="suite-Suite1-class-failed">
            <div class="main-panel-header rounded-window-top">
              <img src="failed.png"/>
              <span class="class-name">com.tb.qa.testcases.AppConfigurationAddPageTest</span>
            </div> <!-- main-panel-header rounded-window-top -->
            <div class="main-panel-content rounded-window-bottom">
              <div class="method">
                <div class="method-content">
                  <a name="Add_AppConfiguration_Page">
                  </a> <!-- Add_AppConfiguration_Page -->
                  <span class="method-name">Add_AppConfiguration_Page</span>
                  <div class="stack-trace">org.openqa.selenium.NoSuchElementException: no such element: Unable to locate element: {&quot;method&quot;:&quot;xpath&quot;,&quot;selector&quot;:&quot;/html/body/div[4]/div/div[2]/div/div[2]/div/div/div[2]/button&quot;}
  (Session info: chrome=87.0.4280.141)
For documentation on this error, please visit: https://www.seleniumhq.org/exceptions/no_such_element.html
Build info: version: &apos;3.141.59&apos;, revision: &apos;e82be7d358&apos;, time: &apos;2018-11-14T08:17:03&apos;
System info: host: &apos;AGATI-D015&apos;, ip: &apos;172.16.1.8&apos;, os.name: &apos;Windows 10&apos;, os.arch: &apos;amd64&apos;, os.version: &apos;10.0&apos;, java.version: &apos;1.8.0_111&apos;
Driver info: org.openqa.selenium.chrome.ChromeDriver
Capabilities {acceptInsecureCerts: false, browserName: chrome, browserVersion: 87.0.4280.141, chrome: {chromedriverVersion: 87.0.4280.88 (89e2380a3e36c..., userDataDir: C:\Users\MVARAT~1\AppData\L...}, goog:chromeOptions: {debuggerAddress: localhost:5173}, javascriptEnabled: true, networkConnectionEnabled: false, pageLoadStrategy: normal, platform: WINDOWS, platformName: WINDOWS, proxy: Proxy(), setWindowRect: true, strictFileInteractability: false, timeouts: {implicit: 0, pageLoad: 300000, script: 30000}, unhandledPromptBehavior: dismiss and notify, webauthn:virtualAuthenticators: true}
Session ID: 8c63f4cad56a0ec2d763331e5c18a0f8
*** Element info: {Using=xpath, value=/html/body/div[4]/div/div[2]/div/div[2]/div/div/div[2]/button}
	at org.openqa.selenium.remote.http.W3CHttpResponseCodec.createException(W3CHttpResponseCodec.java:187)
	at org.openqa.selenium.remote.http.W3CHttpResponseCodec.decode(W3CHttpResponseCodec.java:122)
	at org.openqa.selenium.remote.http.W3CHttpResponseCodec.decode(W3CHttpResponseCodec.java:49)
	at org.openqa.selenium.remote.HttpCommandExecutor.execute(HttpCommandExecutor.java:158)
	at org.openqa.selenium.remote.service.DriverCommandExecutor.execute(DriverCommandExecutor.java:83)
	at org.openqa.selenium.remote.RemoteWebDriver.execute(RemoteWebDriver.java:552)
	at org.openqa.selenium.remote.RemoteWebDriver.findElement(RemoteWebDriver.java:323)
	at org.openqa.selenium.remote.RemoteWebDriver.findElementByXPath(RemoteWebDriver.java:428)
	at org.openqa.selenium.By$ByXPath.findElement(By.java:353)
	at org.openqa.selenium.remote.RemoteWebDriver.findElement(RemoteWebDriver.java:315)
	at org.openqa.selenium.support.pagefactory.DefaultElementLocator.findElement(DefaultElementLocator.java:69)
	at org.openqa.selenium.support.pagefactory.internal.LocatingElementHandler.invoke(LocatingElementHandler.java:38)
	at com.sun.proxy.$Proxy9.click(Unknown Source)
	at com.tb.qa.pages.AppConfigurationAddPage.AddAppConfiguration(AppConfigurationAddPage.java:77)
	at com.tb.qa.testcases.AppConfigurationAddPageTest.Add_AppConfiguration_Page(AppConfigurationAddPageTest.java:44)
	at java.util.ArrayList.forEach(Unknown Source)
... Removed 31 stack frames
</div> <!-- stack-trace -->
                </div> <!-- method-content -->
              </div> <!-- method -->
            </div> <!-- main-panel-content rounded-window-bottom -->
          </div> <!-- suite-Suite1-class-failed -->
          <div class="suite-Suite1-class-passed">
            <div class="main-panel-header rounded-window-top">
              <img src="passed.png"/>
              <span class="class-name">com.tb.qa.testcases.AppConfigurationListPageTest</span>
            </div> <!-- main-panel-header rounded-window-top -->
            <div class="main-panel-content rounded-window-bottom">
              <div class="method">
                <div class="method-content">
                  <a name="DeleteAppCongigurationPage">
                  </a> <!-- DeleteAppCongigurationPage -->
                  <span class="method-name">DeleteAppCongigurationPage</span>
                </div> <!-- method-content -->
              </div> <!-- method -->
            </div> <!-- main-panel-content rounded-window-bottom -->
          </div> <!-- suite-Suite1-class-passed -->
          <div class="suite-Suite1-class-passed">
            <div class="main-panel-header rounded-window-top">
              <img src="passed.png"/>
              <span class="class-name">com.tb.qa.testcases.AppConfigurationPageTest</span>
            </div> <!-- main-panel-header rounded-window-top -->
            <div class="main-panel-content rounded-window-bottom">
              <div class="method">
                <div class="method-content">
                  <a name="CancelAppConfigCreatePage">
                  </a> <!-- CancelAppConfigCreatePage -->
                  <span class="method-name">CancelAppConfigCreatePage</span>
                </div> <!-- method-content -->
              </div> <!-- method -->
              <div class="method">
                <div class="method-content">
                  <a name="clear_AppConfig_CreateValues">
                  </a> <!-- clear_AppConfig_CreateValues -->
                  <span class="method-name">clear_AppConfig_CreateValues</span>
                </div> <!-- method-content -->
              </div> <!-- method -->
              <div class="method">
                <div class="method-content">
                  <a name="create_AppConfig_LongValue">
                  </a> <!-- create_AppConfig_LongValue -->
                  <span class="method-name">create_AppConfig_LongValue</span>
                </div> <!-- method-content -->
              </div> <!-- method -->
              <div class="method">
                <div class="method-content">
                  <a name="create_AppConfig_ShortValue">
                  </a> <!-- create_AppConfig_ShortValue -->
                  <span class="method-name">create_AppConfig_ShortValue</span>
                </div> <!-- method-content -->
              </div> <!-- method -->
              <div class="method">
                <div class="method-content">
                  <a name="create_AppConfig_TermCode">
                  </a> <!-- create_AppConfig_TermCode -->
                  <span class="method-name">create_AppConfig_TermCode</span>
                </div> <!-- method-content -->
              </div> <!-- method -->
              <div class="method">
                <div class="method-content">
                  <a name="create_AppConfig_TermName">
                  </a> <!-- create_AppConfig_TermName -->
                  <span class="method-name">create_AppConfig_TermName</span>
                </div> <!-- method-content -->
              </div> <!-- method -->
            </div> <!-- main-panel-content rounded-window-bottom -->
          </div> <!-- suite-Suite1-class-passed -->
          <div class="suite-Suite1-class-passed">
            <div class="main-panel-header rounded-window-top">
              <img src="passed.png"/>
              <span class="class-name">com.tb.qa.testcases.AppConfigurationAddPageTest</span>
            </div> <!-- main-panel-header rounded-window-top -->
            <div class="main-panel-content rounded-window-bottom">
              <div class="method">
                <div class="method-content">
                  <a name="create_AppConfig_LongValue">
                  </a> <!-- create_AppConfig_LongValue -->
                  <span class="method-name">create_AppConfig_LongValue</span>
                </div> <!-- method-content -->
              </div> <!-- method -->
              <div class="method">
                <div class="method-content">
                  <a name="create_AppConfig_ShortValue">
                  </a> <!-- create_AppConfig_ShortValue -->
                  <span class="method-name">create_AppConfig_ShortValue</span>
                </div> <!-- method-content -->
              </div> <!-- method -->
              <div class="method">
                <div class="method-content">
                  <a name="create_AppConfig_TermCode">
                  </a> <!-- create_AppConfig_TermCode -->
                  <span class="method-name">create_AppConfig_TermCode</span>
                </div> <!-- method-content -->
              </div> <!-- method -->
              <div class="method">
                <div class="method-content">
                  <a name="create_AppConfig_TermName">
                  </a> <!-- create_AppConfig_TermName -->
                  <span class="method-name">create_AppConfig_TermName</span>
                </div> <!-- method-content -->
              </div> <!-- method -->
            </div> <!-- main-panel-content rounded-window-bottom -->
          </div> <!-- suite-Suite1-class-passed -->
          <div class="suite-Suite1-class-passed">
            <div class="main-panel-header rounded-window-top">
              <img src="passed.png"/>
              <span class="class-name">com.tb.qa.testcases.AppConfigurationEditPageTest</span>
            </div> <!-- main-panel-header rounded-window-top -->
            <div class="main-panel-content rounded-window-bottom">
              <div class="method">
                <div class="method-content">
                  <a name="EditAppConfigurationPage">
                  </a> <!-- EditAppConfigurationPage -->
                  <span class="method-name">EditAppConfigurationPage</span>
                </div> <!-- method-content -->
              </div> <!-- method -->
            </div> <!-- main-panel-content rounded-window-bottom -->
          </div> <!-- suite-Suite1-class-passed -->
          <div class="suite-Suite1-class-passed">
            <div class="main-panel-header rounded-window-top">
              <img src="passed.png"/>
              <span class="class-name">com.tb.qa.testcases.LoginPageTest</span>
            </div> <!-- main-panel-header rounded-window-top -->
            <div class="main-panel-content rounded-window-bottom">
              <div class="method">
                <div class="method-content">
                  <a name="loginTest">
                  </a> <!-- loginTest -->
                  <span class="method-name">loginTest</span>
                </div> <!-- method-content -->
              </div> <!-- method -->
            </div> <!-- main-panel-content rounded-window-bottom -->
          </div> <!-- suite-Suite1-class-passed -->
          <div class="suite-Suite1-class-passed">
            <div class="main-panel-header rounded-window-top">
              <img src="passed.png"/>
              <span class="class-name">com.tb.qa.testcases.ProjectListPageTest</span>
            </div> <!-- main-panel-header rounded-window-top -->
            <div class="main-panel-content rounded-window-bottom">
              <div class="method">
                <div class="method-content">
                  <a name="listPageTest">
                  </a> <!-- listPageTest -->
                  <span class="method-name">listPageTest</span>
                </div> <!-- method-content -->
              </div> <!-- method -->
            </div> <!-- main-panel-content rounded-window-bottom -->
          </div> <!-- suite-Suite1-class-passed -->
        </div> <!-- panel Suite1 -->
        <div panel-name="test-xml-Suite1" class="panel">
          <div class="main-panel-header rounded-window-top">
            <span class="header-content">C:\Users\mvaratharaj\git\TBUIAuto2\testng.xml</span>
          </div> <!-- main-panel-header rounded-window-top -->
          <div class="main-panel-content rounded-window-bottom">
            <pre>
&lt;?xml version=&quot;1.0&quot; encoding=&quot;UTF-8&quot;?&gt;
&lt;!DOCTYPE suite SYSTEM &quot;https://testng.org/testng-1.0.dtd&quot;&gt;
&lt;suite guice-stage=&quot;DEVELOPMENT&quot; name=&quot;Suite1&quot;&gt;
  &lt;test thread-count=&quot;9&quot; name=&quot;Test1&quot;&gt;
    &lt;classes&gt;
      &lt;class name=&quot;com.tb.qa.testcases.LoginPageTest&quot;/&gt;
      &lt;class name=&quot;com.tb.qa.testcases.ProjectListPageTest&quot;/&gt;
      &lt;class name=&quot;com.tb.qa.testcases.AppConfigurationPageTest&quot;/&gt;
      &lt;class name=&quot;com.tb.qa.testcases.AppConfigurationAddPageTest&quot;/&gt;
      &lt;class name=&quot;com.tb.qa.testcases.AppConfigurationEditPageTest&quot;/&gt;
      &lt;class name=&quot;com.tb.qa.testcases.AppConfigurationListPageTest&quot;/&gt;
    &lt;/classes&gt;
  &lt;/test&gt; &lt;!-- Test1 --&gt;
&lt;/suite&gt; &lt;!-- Suite1 --&gt;
            </pre>
          </div> <!-- main-panel-content rounded-window-bottom -->
        </div> <!-- panel -->
        <div panel-name="testlist-Suite1" class="panel">
          <div class="main-panel-header rounded-window-top">
            <span class="header-content">Tests for Suite1</span>
          </div> <!-- main-panel-header rounded-window-top -->
          <div class="main-panel-content rounded-window-bottom">
            <ul>
              <li>
                <span class="test-name">Test1 (6 classes)</span>
              </li>
            </ul>
          </div> <!-- main-panel-content rounded-window-bottom -->
        </div> <!-- panel -->
        <div panel-name="group-Suite1" class="panel">
          <div class="main-panel-header rounded-window-top">
            <span class="header-content">Groups for Suite1</span>
          </div> <!-- main-panel-header rounded-window-top -->
          <div class="main-panel-content rounded-window-bottom">
          </div> <!-- main-panel-content rounded-window-bottom -->
        </div> <!-- panel -->
        <div panel-name="times-Suite1" class="panel">
          <div class="main-panel-header rounded-window-top">
            <span class="header-content">Times for Suite1</span>
          </div> <!-- main-panel-header rounded-window-top -->
          <div class="main-panel-content rounded-window-bottom">
            <div class="times-div">
              <script type="text/javascript">
suiteTableInitFunctions.push('tableData_Suite1');
function tableData_Suite1() {
var data = new google.visualization.DataTable();
data.addColumn('number', 'Number');
data.addColumn('string', 'Method');
data.addColumn('string', 'Class');
data.addColumn('number', 'Time (ms)');
data.addRows(19);
data.setCell(0, 0, 0)
data.setCell(0, 1, 'AppConfigurationDeleteReason')
data.setCell(0, 2, 'com.tb.qa.testcases.AppConfigurationListPageTest')
data.setCell(0, 3, 22158);
data.setCell(1, 0, 1)
data.setCell(1, 1, 'Add_AppConfiguration_Page')
data.setCell(1, 2, 'com.tb.qa.testcases.AppConfigurationAddPageTest')
data.setCell(1, 3, 22150);
data.setCell(2, 0, 2)
data.setCell(2, 1, 'Update_AppConfiguration')
data.setCell(2, 2, 'com.tb.qa.testcases.AppConfigurationEditPageTest')
data.setCell(2, 3, 20032);
data.setCell(3, 0, 3)
data.setCell(3, 1, 'DeleteAppCongigurationPage')
data.setCell(3, 2, 'com.tb.qa.testcases.AppConfigurationListPageTest')
data.setCell(3, 3, 12616);
data.setCell(4, 0, 4)
data.setCell(4, 1, 'listPageTest')
data.setCell(4, 2, 'com.tb.qa.testcases.ProjectListPageTest')
data.setCell(4, 3, 10617);
data.setCell(5, 0, 5)
data.setCell(5, 1, 'loginTest')
data.setCell(5, 2, 'com.tb.qa.testcases.LoginPageTest')
data.setCell(5, 3, 10431);
data.setCell(6, 0, 6)
data.setCell(6, 1, 'CancelAppConfigCreatePage')
data.setCell(6, 2, 'com.tb.qa.testcases.AppConfigurationPageTest')
data.setCell(6, 3, 4296);
data.setCell(7, 0, 7)
data.setCell(7, 1, 'EditAppConfigurationPage')
data.setCell(7, 2, 'com.tb.qa.testcases.AppConfigurationEditPageTest')
data.setCell(7, 3, 3390);
data.setCell(8, 0, 8)
data.setCell(8, 1, 'create_AppConfig_TermName')
data.setCell(8, 2, 'com.tb.qa.testcases.AppConfigurationAddPageTest')
data.setCell(8, 3, 2348);
data.setCell(9, 0, 9)
data.setCell(9, 1, 'create_AppConfig_TermCode')
data.setCell(9, 2, 'com.tb.qa.testcases.AppConfigurationAddPageTest')
data.setCell(9, 3, 2128);
data.setCell(10, 0, 10)
data.setCell(10, 1, 'create_AppConfig_LongValue')
data.setCell(10, 2, 'com.tb.qa.testcases.AppConfigurationAddPageTest')
data.setCell(10, 3, 2123);
data.setCell(11, 0, 11)
data.setCell(11, 1, 'create_AppConfig_ShortValue')
data.setCell(11, 2, 'com.tb.qa.testcases.AppConfigurationAddPageTest')
data.setCell(11, 3, 2091);
data.setCell(12, 0, 12)
data.setCell(12, 1, 'create_AppConfig_TermName')
data.setCell(12, 2, 'com.tb.qa.testcases.AppConfigurationPageTest')
data.setCell(12, 3, 428);
data.setCell(13, 0, 13)
data.setCell(13, 1, 'create_AppConfig_LongValue')
data.setCell(13, 2, 'com.tb.qa.testcases.AppConfigurationPageTest')
data.setCell(13, 3, 320);
data.setCell(14, 0, 14)
data.setCell(14, 1, 'create_AppConfig_ShortValue')
data.setCell(14, 2, 'com.tb.qa.testcases.AppConfigurationPageTest')
data.setCell(14, 3, 187);
data.setCell(15, 0, 15)
data.setCell(15, 1, 'Edit_AppConfig_LongValue')
data.setCell(15, 2, 'com.tb.qa.testcases.AppConfigurationEditPageTest')
data.setCell(15, 3, 144);
data.setCell(16, 0, 16)
data.setCell(16, 1, 'clear_AppConfig_CreateValues')
data.setCell(16, 2, 'com.tb.qa.testcases.AppConfigurationPageTest')
data.setCell(16, 3, 106);
data.setCell(17, 0, 17)
data.setCell(17, 1, 'create_AppConfig_TermCode')
data.setCell(17, 2, 'com.tb.qa.testcases.AppConfigurationPageTest')
data.setCell(17, 3, 105);
data.setCell(18, 0, 18)
data.setCell(18, 1, 'Edit_AppConfig_TermName')
data.setCell(18, 2, 'com.tb.qa.testcases.AppConfigurationEditPageTest')
data.setCell(18, 3, 83);
window.suiteTableData['Suite1']= { tableData: data, tableDiv: 'times-div-Suite1'}
return data;
}
              </script>
              <span class="suite-total-time">Total running time: 1 minutes</span>
              <div id="times-div-Suite1">
              </div> <!-- times-div-Suite1 -->
            </div> <!-- times-div -->
          </div> <!-- main-panel-content rounded-window-bottom -->
        </div> <!-- panel -->
        <div panel-name="reporter-Suite1" class="panel">
          <div class="main-panel-header rounded-window-top">
            <span class="header-content">Reporter output for Suite1</span>
          </div> <!-- main-panel-header rounded-window-top -->
          <div class="main-panel-content rounded-window-bottom">
          </div> <!-- main-panel-content rounded-window-bottom -->
        </div> <!-- panel -->
        <div panel-name="ignored-methods-Suite1" class="panel">
          <div class="main-panel-header rounded-window-top">
            <span class="header-content">0 ignored methods</span>
          </div> <!-- main-panel-header rounded-window-top -->
          <div class="main-panel-content rounded-window-bottom">
          </div> <!-- main-panel-content rounded-window-bottom -->
        </div> <!-- panel -->
        <div panel-name="chronological-Suite1" class="panel">
          <div class="main-panel-header rounded-window-top">
            <span class="header-content">Methods in chronological order</span>
          </div> <!-- main-panel-header rounded-window-top -->
          <div class="main-panel-content rounded-window-bottom">
            <div class="chronological-class">
              <div class="chronological-class-name">com.tb.qa.testcases.LoginPageTest</div> <!-- chronological-class-name -->
              <div class="configuration-method before">
                <span class="method-name">setup</span>
                <span class="method-start">0 ms</span>
              </div> <!-- configuration-method before -->
              <div class="test-method">
                <span class="method-name">loginTest</span>
                <span class="method-start">8553 ms</span>
              </div> <!-- test-method -->
              <div class="configuration-method after">
                <span class="method-name">tearDown</span>
                <span class="method-start">18988 ms</span>
              </div> <!-- configuration-method after -->
            </div> <!-- chronological-class -->
            <div class="chronological-class">
              <div class="chronological-class-name">com.tb.qa.testcases.ProjectListPageTest</div> <!-- chronological-class-name -->
              <div class="configuration-method before">
                <span class="method-name">setup</span>
                <span class="method-start">18997 ms</span>
              </div> <!-- configuration-method before -->
              <div class="test-method">
                <span class="method-name">listPageTest</span>
                <span class="method-start">18998 ms</span>
              </div> <!-- test-method -->
            </div> <!-- chronological-class -->
            <div class="chronological-class">
              <div class="chronological-class-name">com.tb.qa.testcases.AppConfigurationPageTest</div> <!-- chronological-class-name -->
              <div class="configuration-method before">
                <span class="method-name">setup</span>
                <span class="method-start">29617 ms</span>
              </div> <!-- configuration-method before -->
              <div class="test-method">
                <span class="method-name">CancelAppConfigCreatePage</span>
                <span class="method-start">29619 ms</span>
              </div> <!-- test-method -->
              <div class="configuration-method before">
                <span class="method-name">setup</span>
                <span class="method-start">33919 ms</span>
              </div> <!-- configuration-method before -->
              <div class="test-method">
                <span class="method-name">create_AppConfig_TermName</span>
                <span class="method-start">33921 ms</span>
              </div> <!-- test-method -->
              <div class="configuration-method before">
                <span class="method-name">setup</span>
                <span class="method-start">34351 ms</span>
              </div> <!-- configuration-method before -->
              <div class="test-method">
                <span class="method-name">create_AppConfig_TermCode</span>
                <span class="method-start">34352 ms</span>
              </div> <!-- test-method -->
              <div class="configuration-method before">
                <span class="method-name">setup</span>
                <span class="method-start">34462 ms</span>
              </div> <!-- configuration-method before -->
              <div class="test-method">
                <span class="method-name">create_AppConfig_ShortValue</span>
                <span class="method-start">34463 ms</span>
              </div> <!-- test-method -->
              <div class="configuration-method before">
                <span class="method-name">setup</span>
                <span class="method-start">34652 ms</span>
              </div> <!-- configuration-method before -->
              <div class="test-method">
                <span class="method-name">create_AppConfig_LongValue</span>
                <span class="method-start">34653 ms</span>
              </div> <!-- test-method -->
              <div class="configuration-method before">
                <span class="method-name">setup</span>
                <span class="method-start">34978 ms</span>
              </div> <!-- configuration-method before -->
              <div class="test-method">
                <span class="method-name">clear_AppConfig_CreateValues</span>
                <span class="method-start">34979 ms</span>
              </div> <!-- test-method -->
            </div> <!-- chronological-class -->
            <div class="chronological-class">
              <div class="chronological-class-name">com.tb.qa.testcases.AppConfigurationAddPageTest</div> <!-- chronological-class-name -->
              <div class="configuration-method before">
                <span class="method-name">setup</span>
                <span class="method-start">35086 ms</span>
              </div> <!-- configuration-method before -->
              <div class="test-method">
                <span class="method-name">create_AppConfig_TermName</span>
                <span class="method-start">35100 ms</span>
              </div> <!-- test-method -->
              <div class="configuration-method before">
                <span class="method-name">setup</span>
                <span class="method-start">37450 ms</span>
              </div> <!-- configuration-method before -->
              <div class="test-method">
                <span class="method-name">create_AppConfig_TermCode</span>
                <span class="method-start">37451 ms</span>
              </div> <!-- test-method -->
              <div class="configuration-method before">
                <span class="method-name">setup</span>
                <span class="method-start">39580 ms</span>
              </div> <!-- configuration-method before -->
              <div class="test-method">
                <span class="method-name">create_AppConfig_ShortValue</span>
                <span class="method-start">39581 ms</span>
              </div> <!-- test-method -->
              <div class="configuration-method before">
                <span class="method-name">setup</span>
                <span class="method-start">41673 ms</span>
              </div> <!-- configuration-method before -->
              <div class="test-method">
                <span class="method-name">create_AppConfig_LongValue</span>
                <span class="method-start">41674 ms</span>
              </div> <!-- test-method -->
              <div class="configuration-method before">
                <span class="method-name">setup</span>
                <span class="method-start">43798 ms</span>
              </div> <!-- configuration-method before -->
              <div class="test-method">
                <img src="failed.png">
                </img>
                <span class="method-name">Add_AppConfiguration_Page</span>
                <span class="method-start">43798 ms</span>
              </div> <!-- test-method -->
            </div> <!-- chronological-class -->
            <div class="chronological-class">
              <div class="chronological-class-name">com.tb.qa.testcases.AppConfigurationEditPageTest</div> <!-- chronological-class-name -->
              <div class="configuration-method before">
                <span class="method-name">setup</span>
                <span class="method-start">65951 ms</span>
              </div> <!-- configuration-method before -->
              <div class="test-method">
                <span class="method-name">EditAppConfigurationPage</span>
                <span class="method-start">65963 ms</span>
              </div> <!-- test-method -->
              <div class="configuration-method before">
                <span class="method-name">setup</span>
                <span class="method-start">69354 ms</span>
              </div> <!-- configuration-method before -->
              <div class="test-method">
                <img src="failed.png">
                </img>
                <span class="method-name">Edit_AppConfig_LongValue</span>
                <span class="method-start">69355 ms</span>
              </div> <!-- test-method -->
              <div class="configuration-method before">
                <span class="method-name">setup</span>
                <span class="method-start">69501 ms</span>
              </div> <!-- configuration-method before -->
              <div class="test-method">
                <img src="failed.png">
                </img>
                <span class="method-name">Edit_AppConfig_TermName</span>
                <span class="method-start">69502 ms</span>
              </div> <!-- test-method -->
              <div class="configuration-method before">
                <span class="method-name">setup</span>
                <span class="method-start">69587 ms</span>
              </div> <!-- configuration-method before -->
              <div class="test-method">
                <img src="failed.png">
                </img>
                <span class="method-name">Update_AppConfiguration</span>
                <span class="method-start">69588 ms</span>
              </div> <!-- test-method -->
            </div> <!-- chronological-class -->
            <div class="chronological-class">
              <div class="chronological-class-name">com.tb.qa.testcases.AppConfigurationListPageTest</div> <!-- chronological-class-name -->
              <div class="configuration-method before">
                <span class="method-name">setup</span>
                <span class="method-start">89622 ms</span>
              </div> <!-- configuration-method before -->
              <div class="test-method">
                <span class="method-name">DeleteAppCongigurationPage</span>
                <span class="method-start">89631 ms</span>
              </div> <!-- test-method -->
              <div class="configuration-method before">
                <span class="method-name">setup</span>
                <span class="method-start">102249 ms</span>
              </div> <!-- configuration-method before -->
              <div class="test-method">
                <img src="failed.png">
                </img>
                <span class="method-name">AppConfigurationDeleteReason</span>
                <span class="method-start">102251 ms</span>
              </div> <!-- test-method -->
          </div> <!-- main-panel-content rounded-window-bottom -->
        </div> <!-- panel -->
      </div> <!-- main-panel-root -->
    </div> <!-- wrapper -->
  </body>
<script type="text/javascript" src="testng-reports2.js"></script>
</html>
